<?xml version="1.0" encoding="UTF-8"?>
<testsuite xmlns:xsi="http://www.w3.org/2001/XMLSchema-instance" xsi:noNamespaceSchemaLocation="https://maven.apache.org/surefire/maven-surefire-plugin/xsd/surefire-test-report.xsd" name="app.TestSegurança" time="6.827" tests="2" errors="0" skipped="0" failures="0">
  <properties>
[...]
</properties>
  <testcase name="createUsuarioSucess" classname="app.TestSegurança" time="0.24"/>
  <testcase name="createUserWithErrorPassword" classname="app.TestSegurança" time="0.04"/>
</testsuite>